<?xml version="1.0" encoding="UTF-8"?>
<testsuite xmlns:xsi="http://www.w3.org/2001/XMLSchema-instance" xsi:noNamespaceSchemaLocation="https://maven.apache.org/surefire/maven-surefire-plugin/xsd/surefire-test-report-3.0.xsd" version="3.0" name="org.bolu.test.DatabaseTest" time="14.947" tests="3" errors="0" skipped="0" failures="0">
  <properties>
[...]
</properties>
  <testcase name="testAddLaptopVariationToDatabase" classname="org.bolu.test.DatabaseTest" time="11.991">
    <system-out><![CDATA[Session factory built.
Hibernate: insert into laptop (brand, description, image_url, model_name, operating_system, release_year) values (?, ?, ?, ?, ?, ?)
Laptop added to database with ID: 6
Hibernate: insert into laptop_variations (color, display, laptop_id, memory, processor, storage) values (?, ?, ?, ?, ?, ?)
Hibernate: update laptop set brand=?, description=?, image_url=?, model_name=?, operating_system=?, release_year=? where id=?
Laptop variation added to database with ID: 3
]]></system-out>
    <system-err><![CDATA[Dec 05, 2023 7:18:12 AM org.hibernate.Version logVersion
INFO: HHH000412: Hibernate ORM core version 5.6.1.Final
Dec 05, 2023 7:18:15 AM org.hibernate.annotations.common.reflection.java.JavaReflectionManager <clinit>
INFO: HCANN000001: Hibernate Commons Annotations {5.1.2.Final}
Dec 05, 2023 7:18:16 AM org.hibernate.engine.jdbc.connections.internal.DriverManagerConnectionProviderImpl configure
WARN: HHH10001002: Using Hibernate built-in connection pool (not for production use!)
Loading class `com.mysql.jdbc.Driver'. This is deprecated. The new driver class is `com.mysql.cj.jdbc.Driver'. The driver is automatically registered via the SPI and manual loading of the driver class is generally unnecessary.
Dec 05, 2023 7:18:16 AM org.hibernate.engine.jdbc.connections.internal.DriverManagerConnectionProviderImpl buildCreator
INFO: HHH10001005: using driver [com.mysql.jdbc.Driver] at URL [jdbc:mysql://localhost/price_comparison_test?serverTimezone=UTC]
Dec 05, 2023 7:18:16 AM org.hibernate.engine.jdbc.connections.internal.DriverManagerConnectionProviderImpl buildCreator
INFO: HHH10001001: Connection properties: {password=****, user=root}
Dec 05, 2023 7:18:16 AM org.hibernate.engine.jdbc.connections.internal.DriverManagerConnectionProviderImpl buildCreator
INFO: HHH10001003: Autocommit mode: false
Dec 05, 2023 7:18:16 AM org.hibernate.engine.jdbc.connections.internal.DriverManagerConnectionProviderImpl$PooledConnections <init>
INFO: HHH000115: Hibernate connection pool size: 5 (min=1)
Dec 05, 2023 7:18:17 AM org.hibernate.dialect.Dialect <init>
INFO: HHH000400: Using dialect: org.hibernate.dialect.MySQLDialect
Dec 05, 2023 7:18:23 AM org.hibernate.engine.jdbc.connections.internal.DriverManagerConnectionProviderImpl$PoolState stop
INFO: HHH10001008: Cleaning up connection pool [jdbc:mysql://localhost/price_comparison_test?serverTimezone=UTC]
]]></system-err>
  </testcase>
  <testcase name="testAddLaptopToDatabase" classname="org.bolu.test.DatabaseTest" time="0.921">
    <system-out><![CDATA[Session factory built.
Hibernate: insert into laptop (brand, description, image_url, model_name, operating_system, release_year) values (?, ?, ?, ?, ?, ?)
Laptop added to database with ID: 7
]]></system-out>
    <system-err><![CDATA[Dec 05, 2023 7:18:23 AM org.hibernate.engine.jdbc.connections.internal.DriverManagerConnectionProviderImpl configure
WARN: HHH10001002: Using Hibernate built-in connection pool (not for production use!)
Dec 05, 2023 7:18:23 AM org.hibernate.engine.jdbc.connections.internal.DriverManagerConnectionProviderImpl buildCreator
INFO: HHH10001005: using driver [com.mysql.jdbc.Driver] at URL [jdbc:mysql://localhost/price_comparison_test?serverTimezone=UTC]
Dec 05, 2023 7:18:23 AM org.hibernate.engine.jdbc.connections.internal.DriverManagerConnectionProviderImpl buildCreator
INFO: HHH10001001: Connection properties: {password=****, user=root}
Dec 05, 2023 7:18:23 AM org.hibernate.engine.jdbc.connections.internal.DriverManagerConnectionProviderImpl buildCreator
INFO: HHH10001003: Autocommit mode: false
Dec 05, 2023 7:18:23 AM org.hibernate.engine.jdbc.connections.internal.DriverManagerConnectionProviderImpl$PooledConnections <init>
INFO: HHH000115: Hibernate connection pool size: 5 (min=1)
Dec 05, 2023 7:18:23 AM org.hibernate.dialect.Dialect <init>
INFO: HHH000400: Using dialect: org.hibernate.dialect.MySQLDialect
Dec 05, 2023 7:18:24 AM org.hibernate.engine.jdbc.connections.internal.DriverManagerConnectionProviderImpl$PoolState stop
INFO: HHH10001008: Cleaning up connection pool [jdbc:mysql://localhost/price_comparison_test?serverTimezone=UTC]
]]></system-err>
  </testcase>
  <testcase name="testFindLaptopInDatabase" classname="org.bolu.test.DatabaseTest" time="1.487">
    <system-out><![CDATA[Session factory built.
Hibernate: select laptop0_.id as id1_1_, laptop0_.brand as brand2_1_, laptop0_.description as descript3_1_, laptop0_.image_url as image_ur4_1_, laptop0_.model_name as model_na5_1_, laptop0_.operating_system as operatin6_1_, laptop0_.release_year as release_7_1_ from laptop laptop0_ where laptop0_.description='Apple 2020 MacBook Air Laptop M1 Chip, 13” Retina Display, 8GB RAM, 256GB SSD Storage, Backlit Keyboard, FaceTime HD Camera, Touch ID; Space Grey' and laptop0_.image_url='https://m.media-amazon.com/images/I/71jG+e7roXL._AC_UL320_.jpg'
]]></system-out>
    <system-err><![CDATA[Dec 05, 2023 7:18:24 AM org.hibernate.engine.jdbc.connections.internal.DriverManagerConnectionProviderImpl configure
WARN: HHH10001002: Using Hibernate built-in connection pool (not for production use!)
Dec 05, 2023 7:18:24 AM org.hibernate.engine.jdbc.connections.internal.DriverManagerConnectionProviderImpl buildCreator
INFO: HHH10001005: using driver [com.mysql.jdbc.Driver] at URL [jdbc:mysql://localhost/price_comparison_test?serverTimezone=UTC]
Dec 05, 2023 7:18:24 AM org.hibernate.engine.jdbc.connections.internal.DriverManagerConnectionProviderImpl buildCreator
INFO: HHH10001001: Connection properties: {password=****, user=root}
Dec 05, 2023 7:18:24 AM org.hibernate.engine.jdbc.connections.internal.DriverManagerConnectionProviderImpl buildCreator
INFO: HHH10001003: Autocommit mode: false
Dec 05, 2023 7:18:24 AM org.hibernate.engine.jdbc.connections.internal.DriverManagerConnectionProviderImpl$PooledConnections <init>
INFO: HHH000115: Hibernate connection pool size: 5 (min=1)
Dec 05, 2023 7:18:24 AM org.hibernate.dialect.Dialect <init>
INFO: HHH000400: Using dialect: org.hibernate.dialect.MySQLDialect
Dec 05, 2023 7:18:25 AM org.hibernate.engine.jdbc.connections.internal.DriverManagerConnectionProviderImpl$PoolState stop
INFO: HHH10001008: Cleaning up connection pool [jdbc:mysql://localhost/price_comparison_test?serverTimezone=UTC]
]]></system-err>
  </testcase>
</testsuite>