<?xml version="1.0" encoding="UTF-8"?>
<testsuite xmlns:xsi="http://www.w3.org/2001/XMLSchema-instance" xsi:noNamespaceSchemaLocation="https://maven.apache.org/surefire/maven-surefire-plugin/xsd/surefire-test-report-3.0.xsd" version="3.0" name="org.bolu.test.WebScrapperMethodTest" time="28.639" tests="8" errors="0" skipped="0" failures="0">
  <properties>
[...]
</properties>
  <testcase name="testParseBrand" classname="org.bolu.test.WebScrapperMethodTest" time="4.415">
    <system-err><![CDATA[Starting ChromeDriver 119.0.6045.159 (eaa767197fa7dd412133d1b84f7eb60da43409c9-refs/branch-heads/6045@{#1327}) on port 12891
Only local connections are allowed.
Please see https://chromedriver.chromium.org/security-considerations for suggestions on keeping ChromeDriver safe.
ChromeDriver was started successfully.
[1702454741.447][WARNING]: This version of ChromeDriver has not been tested with Chrome version 120.
Dec 13, 2023 8:05:42 AM org.openqa.selenium.remote.ProtocolHandshake createSession
INFO: Detected dialect: W3C
]]></system-err>
  </testcase>
  <testcase name="testParseColor" classname="org.bolu.test.WebScrapperMethodTest" time="4.628">
    <system-err><![CDATA[Starting ChromeDriver 119.0.6045.159 (eaa767197fa7dd412133d1b84f7eb60da43409c9-refs/branch-heads/6045@{#1327}) on port 32425
Only local connections are allowed.
Please see https://chromedriver.chromium.org/security-considerations for suggestions on keeping ChromeDriver safe.
ChromeDriver was started successfully.
[1702454746.565][WARNING]: This version of ChromeDriver has not been tested with Chrome version 120.
Dec 13, 2023 8:05:46 AM org.openqa.selenium.remote.ProtocolHandshake createSession
INFO: Detected dialect: W3C
]]></system-err>
  </testcase>
  <testcase name="testParseModel" classname="org.bolu.test.WebScrapperMethodTest" time="4.749">
    <system-err><![CDATA[Starting ChromeDriver 119.0.6045.159 (eaa767197fa7dd412133d1b84f7eb60da43409c9-refs/branch-heads/6045@{#1327}) on port 26173
Only local connections are allowed.
Please see https://chromedriver.chromium.org/security-considerations for suggestions on keeping ChromeDriver safe.
ChromeDriver was started successfully.
[1702454751.388][WARNING]: This version of ChromeDriver has not been tested with Chrome version 120.
Dec 13, 2023 8:05:51 AM org.openqa.selenium.remote.ProtocolHandshake createSession
INFO: Detected dialect: W3C
]]></system-err>
  </testcase>
  <testcase name="testParseYear" classname="org.bolu.test.WebScrapperMethodTest" time="3.951">
    <system-err><![CDATA[Starting ChromeDriver 119.0.6045.159 (eaa767197fa7dd412133d1b84f7eb60da43409c9-refs/branch-heads/6045@{#1327}) on port 17886
Only local connections are allowed.
Please see https://chromedriver.chromium.org/security-considerations for suggestions on keeping ChromeDriver safe.
ChromeDriver was started successfully.
[1702454755.351][WARNING]: This version of ChromeDriver has not been tested with Chrome version 120.
Dec 13, 2023 8:05:55 AM org.openqa.selenium.remote.ProtocolHandshake createSession
INFO: Detected dialect: W3C
]]></system-err>
  </testcase>
  <testcase name="testParseProcessor" classname="org.bolu.test.WebScrapperMethodTest" time="3.201">
    <system-err><![CDATA[Starting ChromeDriver 119.0.6045.159 (eaa767197fa7dd412133d1b84f7eb60da43409c9-refs/branch-heads/6045@{#1327}) on port 39568
Only local connections are allowed.
Please see https://chromedriver.chromium.org/security-considerations for suggestions on keeping ChromeDriver safe.
ChromeDriver was started successfully.
[1702454758.759][WARNING]: This version of ChromeDriver has not been tested with Chrome version 120.
Dec 13, 2023 8:05:58 AM org.openqa.selenium.remote.ProtocolHandshake createSession
INFO: Detected dialect: W3C
]]></system-err>
  </testcase>
  <testcase name="testExtractRam" classname="org.bolu.test.WebScrapperMethodTest" time="2.737">
    <system-err><![CDATA[Starting ChromeDriver 119.0.6045.159 (eaa767197fa7dd412133d1b84f7eb60da43409c9-refs/branch-heads/6045@{#1327}) on port 42150
Only local connections are allowed.
Please see https://chromedriver.chromium.org/security-considerations for suggestions on keeping ChromeDriver safe.
ChromeDriver was started successfully.
[1702454761.487][WARNING]: This version of ChromeDriver has not been tested with Chrome version 120.
Dec 13, 2023 8:06:01 AM org.openqa.selenium.remote.ProtocolHandshake createSession
INFO: Detected dialect: W3C
]]></system-err>
  </testcase>
  <testcase name="testParseOperatingSystem" classname="org.bolu.test.WebScrapperMethodTest" time="2.692">
    <system-err><![CDATA[Starting ChromeDriver 119.0.6045.159 (eaa767197fa7dd412133d1b84f7eb60da43409c9-refs/branch-heads/6045@{#1327}) on port 37157
Only local connections are allowed.
Please see https://chromedriver.chromium.org/security-considerations for suggestions on keeping ChromeDriver safe.
ChromeDriver was started successfully.
[1702454764.052][WARNING]: This version of ChromeDriver has not been tested with Chrome version 120.
Dec 13, 2023 8:06:04 AM org.openqa.selenium.remote.ProtocolHandshake createSession
INFO: Detected dialect: W3C
]]></system-err>
  </testcase>
  <testcase name="testExtractStorage" classname="org.bolu.test.WebScrapperMethodTest" time="2.243">
    <system-err><![CDATA[Starting ChromeDriver 119.0.6045.159 (eaa767197fa7dd412133d1b84f7eb60da43409c9-refs/branch-heads/6045@{#1327}) on port 30440
Only local connections are allowed.
Please see https://chromedriver.chromium.org/security-considerations for suggestions on keeping ChromeDriver safe.
ChromeDriver was started successfully.
[1702454766.385][WARNING]: This version of ChromeDriver has not been tested with Chrome version 120.
Dec 13, 2023 8:06:06 AM org.openqa.selenium.remote.ProtocolHandshake createSession
INFO: Detected dialect: W3C
]]></system-err>
  </testcase>
</testsuite>